<?xml version="1.0" encoding="UTF-8"?>
<!-- Generated by org.testng.reporters.JUnitXMLReporter -->
<testsuite hostname="TYSS-4F-055" name="Test" tests="2" failures="2" timestamp="10 Jul 2017 06:06:28 GMT" time="55.21" errors="0">
  <testcase name="signIn" time="46.583" classname="script.testCase1">
    <failure type="java.lang.AssertionError" message="null">
      <![CDATA[java.lang.AssertionError: null
	at script.testCase1.signIn(testCase1.java:28)
... Removed 26 stack frames]]>
    </failure>
  </testcase> <!-- signIn -->
  <testcase name="signIn" time="55.193" classname="script.testCase1">
    <failure type="java.lang.NullPointerException">
      <![CDATA[java.lang.NullPointerException
	at generic.Listeners.onTestFailure(Listeners.java:31)
... Removed 21 stack frames]]>
    </failure>
  </testcase> <!-- signIn -->
</testsuite> <!-- Test -->
